<?xml version="1.0" encoding="UTF-8"?>
<testsuite xmlns:xsi="http://www.w3.org/2001/XMLSchema-instance" xsi:noNamespaceSchemaLocation="https://maven.apache.org/surefire/maven-surefire-plugin/xsd/surefire-test-report-3.0.xsd" version="3.0" name="com.example.makemytravel_ms.MakemytravelMsApplicationTests" time="4.812" tests="1" errors="0" skipped="0" failures="0">
  <properties>
[...]
</properties>
  <testcase name="contextLoads" classname="com.example.makemytravel_ms.MakemytravelMsApplicationTests" time="1.062">
    <system-out><![CDATA[08:00:21.824 [main] INFO org.springframework.test.context.support.AnnotationConfigContextLoaderUtils -- Could not detect default configuration classes for test class [com.example.makemytravel_ms.MakemytravelMsApplicationTests]: MakemytravelMsApplicationTests does not declare any static, non-private, non-final, nested classes annotated with @Configuration.
08:00:21.985 [main] INFO org.springframework.boot.test.context.SpringBootTestContextBootstrapper -- Found @SpringBootConfiguration com.example.makemytravel_ms.MakemytravelMsApplication for test class com.example.makemytravel_ms.MakemytravelMsApplicationTests

  .   ____          _            __ _ _
 /\\ / ___'_ __ _ _(_)_ __  __ _ \ \ \ \
( ( )\___ | '_ | '_| | '_ \/ _` | \ \ \ \
 \\/  ___)| |_)| | | | | || (_| |  ) ) ) )
  '  |____| .__|_| |_|_| |_\__, | / / / /
 =========|_|==============|___/=/_/_/_/
 :: Spring Boot ::                (v3.2.6)

2024-06-19T08:00:22.967-07:00  INFO 8912 --- [makemytravel-ms] [           main] c.e.m.MakemytravelMsApplicationTests     : Starting MakemytravelMsApplicationTests using Java 22.0.1 with PID 8912 (started by Administrator in C:\Users\Administrator\Documents\Worksapce\makemytravel-ms)
2024-06-19T08:00:22.969-07:00  INFO 8912 --- [makemytravel-ms] [           main] c.e.m.MakemytravelMsApplicationTests     : No active profile set, falling back to 1 default profile: "default"
2024-06-19T08:00:25.083-07:00  INFO 8912 --- [makemytravel-ms] [           main] o.s.b.a.e.web.EndpointLinksResolver      : Exposing 1 endpoint(s) beneath base path '/actuator'
2024-06-19T08:00:25.153-07:00  INFO 8912 --- [makemytravel-ms] [           main] c.e.m.MakemytravelMsApplicationTests     : Started MakemytravelMsApplicationTests in 2.866 seconds (process running for 4.222)
]]></system-out>
    <system-err><![CDATA[WARNING: A Java agent has been loaded dynamically (C:\Users\Administrator\.m2\repository\net\bytebuddy\byte-buddy-agent\1.14.16\byte-buddy-agent-1.14.16.jar)
WARNING: If a serviceability tool is in use, please run with -XX:+EnableDynamicAgentLoading to hide this warning
WARNING: If a serviceability tool is not in use, please run with -Djdk.instrument.traceUsage for more information
WARNING: Dynamic loading of agents will be disallowed by default in a future release
]]></system-err>
  </testcase>
</testsuite>